<?xml version="1.0" encoding="UTF-8"?>
<testsuite xmlns:xsi="http://www.w3.org/2001/XMLSchema-instance" xsi:noNamespaceSchemaLocation="https://maven.apache.org/surefire/maven-surefire-plugin/xsd/surefire-test-report-3.0.xsd" version="3.0" name="es.upm.pproject.sokoban.model.LevelValidatorTest" time="0.044" tests="4" errors="0" skipped="0" failures="0">
  <properties>
[...]
</properties>
  <testcase name="testLevelWithNoPlayerShouldFail" classname="es.upm.pproject.sokoban.model.LevelValidatorTest" time="0.023"/>
  <testcase name="testLevelWithTwoPlayersShouldFail" classname="es.upm.pproject.sokoban.model.LevelValidatorTest" time="0.002"/>
  <testcase name="testValidLevelShouldPassValidation" classname="es.upm.pproject.sokoban.model.LevelValidatorTest" time="0.003"/>
  <testcase name="testLevelWithMismatchedBoxesAndGoalsShouldFail" classname="es.upm.pproject.sokoban.model.LevelValidatorTest" time="0.009"/>
</testsuite>